<?xml version="1.0" encoding="UTF-8"?>
<testsuite name="raisetech.Student.Management.ApplicationTests" tests="1" skipped="0" failures="0" errors="0" timestamp="2025-05-07T09:59:50" hostname="DESKTOP-O2Q4TFR" time="1.21">
  <properties/>
  <testcase name="contextLoads()" classname="raisetech.Student.Management.ApplicationTests" time="1.21"/>
  <system-out><![CDATA[18:59:48.544 [Test worker] INFO org.springframework.test.context.support.AnnotationConfigContextLoaderUtils -- Could not detect default configuration classes for test class [raisetech.Student.Management.ApplicationTests]: ApplicationTests does not declare any static, non-private, non-final, nested classes annotated with @Configuration.
18:59:48.721 [Test worker] INFO org.springframework.boot.test.context.SpringBootTestContextBootstrapper -- Found @SpringBootConfiguration raisetech.Student.Management.Application for test class raisetech.Student.Management.ApplicationTests

  .   ____          _            __ _ _
 /\\ / ___'_ __ _ _(_)_ __  __ _ \ \ \ \
( ( )\___ | '_ | '_| | '_ \/ _` | \ \ \ \
 \\/  ___)| |_)| | | | | || (_| |  ) ) ) )
  '  |____| .__|_| |_|_| |_\__, | / / / /
 =========|_|==============|___/=/_/_/_/

 :: Spring Boot ::                (v3.4.4)

2025-05-07T18:59:49.273+09:00  INFO 25684 --- [Student.Management] [    Test worker] r.Student.Management.ApplicationTests    : Starting ApplicationTests using Java 21.0.5 with PID 25684 (started by atsuy in C:\Users\atsuy\OneDrive\デスクトップ\StudentManagement)
2025-05-07T18:59:49.273+09:00  INFO 25684 --- [Student.Management] [    Test worker] r.Student.Management.ApplicationTests    : No active profile set, falling back to 1 default profile: "default"
2025-05-07T18:59:50.647+09:00  INFO 25684 --- [Student.Management] [    Test worker] r.Student.Management.ApplicationTests    : Started ApplicationTests in 1.691 seconds (process running for 3.195)
]]></system-out>
  <system-err><![CDATA[Mockito is currently self-attaching to enable the inline-mock-maker. This will no longer work in future releases of the JDK. Please add Mockito as an agent to your build what is described in Mockito's documentation: https://javadoc.io/doc/org.mockito/mockito-core/latest/org/mockito/Mockito.html#0.3
WARNING: A Java agent has been loaded dynamically (C:\Users\atsuy\.gradle\caches\modules-2\files-2.1\net.bytebuddy\byte-buddy-agent\1.15.11\a38b16385e867f59a641330f0362ebe742788ed8\byte-buddy-agent-1.15.11.jar)
WARNING: If a serviceability tool is in use, please run with -XX:+EnableDynamicAgentLoading to hide this warning
WARNING: If a serviceability tool is not in use, please run with -Djdk.instrument.traceUsage for more information
WARNING: Dynamic loading of agents will be disallowed by default in a future release
]]></system-err>
</testsuite>
